This file contains any messages produced by compilers while
running configure, to aid debugging if configure makes a mistake.

It was created by configure, which was
generated by GNU Autoconf 2.69.  Invocation command line was

  $ ./configure --no-create --no-recursion

## --------- ##
## Platform. ##
## --------- ##

hostname = LithiumLaptop
uname -m = x86_64
uname -r = 3.2.0-340.x86_64
uname -s = MSYS_NT-10.0-19042
uname -v = 2021-08-02 16:30 UTC

/usr/bin/uname -p = unknown
/bin/uname -X     = unknown

/bin/arch              = x86_64
/usr/bin/arch -k       = unknown
/usr/convex/getsysinfo = unknown
/usr/bin/hostinfo      = unknown
/bin/machine           = unknown
/usr/bin/oslevel       = unknown
/bin/universe          = unknown

PATH: /usr/local/bin
PATH: /usr/bin
PATH: /bin
PATH: /opt/bin
PATH: /c/Windows/System32
PATH: /c/Windows
PATH: /c/Windows/System32/Wbem
PATH: /c/Windows/System32/WindowsPowerShell/v1.0/
PATH: /usr/bin/site_perl
PATH: /usr/bin/vendor_perl
PATH: /usr/bin/core_perl


## ----------- ##
## Core tests. ##
## ----------- ##

configure:2268: loading site script /etc/config.site
| # This file is in public domain.
| # Original author: Karlson2k (Evgeny Grin)
| # Written for MSys2 to help running 'configure' scripts
| 
| # Defaults for MSys2/MinGW64-targeted programs
| 
| # Set proper selfname on bash and fallback to default name on other shells
| test -n "${BASH_SOURCE}" 2>/dev/null && config_site_me="${BASH_SOURCE[0]##*/}" || config_site_me=config.site
| 
| # Set default 'host' to speedup configure
| if test -z "$build_alias"; then
|   build_alias="${MSYSTEM_CHOST}"  && \
|     ${as_echo-echo} "$config_site_me:${as_lineno-$LINENO}: default build_alias set to $build_alias" >&5
| fi
| 
| # Set default 'prefix'
| if ( test -z "$prefix" || test "x$prefix" = "xNONE" ) && \
|     ( test -z "$exec_prefix" || test "x$exec_prefix" = "xNONE" ); then
|   prefix="${MSYSTEM_PREFIX}" && \
|     ${as_echo-echo} "$config_site_me:${as_lineno-$LINENO}: default prefix set to $prefix" >&5
| fi
config.site:13: default build_alias set to x86_64-pc-msys
config.site:20: default prefix set to /usr
configure:2447: checking build system type
configure:2461: result: x86_64-pc-msys
configure:2481: checking host system type
configure:2494: result: x86_64-pc-msys
configure:2535: checking how to print strings
configure:2562: result: printf
configure:2631: checking for gcc
configure:2647: found /usr/bin/gcc
configure:2658: result: gcc
configure:2887: checking for C compiler version
configure:2896: gcc --version >&5
gcc (GCC) 10.2.0
Copyright (C) 2020 Free Software Foundation, Inc.
This is free software; see the source for copying conditions.  There is NO
warranty; not even for MERCHANTABILITY or FITNESS FOR A PARTICULAR PURPOSE.

configure:2907: $? = 0
configure:2896: gcc -v >&5
Using built-in specs.
COLLECT_GCC=gcc
COLLECT_LTO_WRAPPER=/usr/lib/gcc/x86_64-pc-msys/10.2.0/lto-wrapper.exe
Target: x86_64-pc-msys
Configured with: /c/_/S/gcc/src/gcc-10.2.0/configure --build=x86_64-pc-msys --prefix=/usr --libexecdir=/usr/lib --enable-bootstrap --enable-shared --enable-shared-libgcc --enable-static --enable-version-specific-runtime-libs --with-arch=x86-64 --with-tune=generic --disable-multilib --enable-__cxa_atexit --with-dwarf2 --enable-languages=c,c++,fortran,lto --enable-graphite --enable-threads=posix --enable-libatomic --enable-libgomp --disable-libitm --enable-libquadmath --enable-libquadmath-support --disable-libssp --disable-win32-registry --disable-symvers --with-gnu-ld --with-gnu-as --disable-isl-version-check --enable-checking=release --without-libiconv-prefix --without-libintl-prefix --with-system-zlib --enable-linker-build-id --with-default-libstdcxx-abi=gcc4-compatible --enable-libstdcxx-filesystem-ts
Thread model: posix
Supported LTO compression algorithms: zlib
gcc version 10.2.0 (GCC) 
configure:2907: $? = 0
configure:2896: gcc -V >&5
gcc: error: unrecognized command-line option '-V'
gcc: fatal error: no input files
compilation terminated.
configure:2907: $? = 1
configure:2896: gcc -qversion >&5
gcc: error: unrecognized command-line option '-qversion'; did you mean '--version'?
gcc: fatal error: no input files
compilation terminated.
configure:2907: $? = 1
configure:2927: checking whether the C compiler works
configure:2949: gcc    conftest.c  >&5
configure:2953: $? = 0
configure:3001: result: yes
configure:3004: checking for C compiler default output file name
configure:3006: result: a.exe
configure:3012: checking for suffix of executables
configure:3019: gcc -o conftest.exe    conftest.c  >&5
configure:3023: $? = 0
configure:3045: result: .exe
configure:3067: checking whether we are cross compiling
configure:3075: gcc -o conftest.exe    conftest.c  >&5
configure:3079: $? = 0
configure:3086: ./conftest.exe
configure:3090: $? = 0
configure:3105: result: no
configure:3110: checking for suffix of object files
configure:3132: gcc -c   conftest.c >&5
configure:3136: $? = 0
configure:3157: result: o
configure:3161: checking whether we are using the GNU C compiler
configure:3180: gcc -c   conftest.c >&5
configure:3180: $? = 0
configure:3189: result: yes
configure:3198: checking whether gcc accepts -g
configure:3218: gcc -c -g  conftest.c >&5
configure:3218: $? = 0
configure:3259: result: yes
configure:3276: checking for gcc option to accept ISO C89
configure:3339: gcc  -c -g -O2  conftest.c >&5
configure:3339: $? = 0
configure:3352: result: none needed
configure:3372: checking for a sed that does not truncate output
configure:3436: result: /usr/bin/sed
configure:3454: checking for grep that handles long lines and -e
configure:3512: result: /usr/bin/grep
configure:3517: checking for egrep
configure:3579: result: /usr/bin/grep -E
configure:3584: checking for fgrep
configure:3646: result: /usr/bin/grep -F
configure:3681: checking for ld used by gcc
configure:3748: result: /usr/x86_64-pc-msys/bin/ld.exe
configure:3755: checking if the linker (/usr/x86_64-pc-msys/bin/ld.exe) is GNU ld
configure:3770: result: yes
configure:3782: checking for BSD- or MS-compatible name lister (nm)
configure:3831: result: /usr/bin/nm -B
configure:3961: checking the name lister (/usr/bin/nm -B) interface
configure:3968: gcc -c -g -O2  conftest.c >&5
configure:3971: /usr/bin/nm -B "conftest.o"
configure:3974: output
0000000000000000 b .bss
0000000000000000 d .data
0000000000000000 N .debug_abbrev
0000000000000000 N .debug_aranges
0000000000000000 N .debug_info
0000000000000000 N .debug_line
0000000000000000 r .rdata$zzz
0000000000000000 t .text
0000000000000000 B some_variable
configure:3981: result: BSD nm
configure:3984: checking whether ln -s works
configure:3991: result: no, using cp -pR
configure:3996: checking the maximum length of command line arguments
configure:4121: result: 24000
configure:4138: checking whether the shell understands some XSI constructs
configure:4148: result: yes
configure:4152: checking whether the shell understands "+="
configure:4158: result: yes
configure:4193: checking how to convert x86_64-pc-msys file names to x86_64-pc-msys format
configure:4233: result: func_convert_file_noop
configure:4240: checking how to convert x86_64-pc-msys file names to toolchain format
configure:4260: result: func_convert_file_noop
configure:4267: checking for /usr/x86_64-pc-msys/bin/ld.exe option to reload object files
configure:4274: result: -r
configure:4348: checking for objdump
configure:4364: found /usr/bin/objdump
configure:4375: result: objdump
configure:4404: checking how to recognize dependent libraries
configure:4606: result: unknown
configure:4691: checking for dlltool
configure:4707: found /usr/bin/dlltool
configure:4718: result: dlltool
configure:4748: checking how to associate runtime and link libraries
configure:4775: result: printf %s\n
configure:4836: checking for ar
configure:4852: found /usr/bin/ar
configure:4863: result: ar
configure:4900: checking for archiver @FILE support
configure:4917: gcc -c -g -O2  conftest.c >&5
configure:4917: $? = 0
configure:4920: ar cru libconftest.a @conftest.lst >&5
configure:4923: $? = 0
configure:4928: ar cru libconftest.a @conftest.lst >&5
ar: conftest.o: No such file or directory
configure:4931: $? = 1
configure:4943: result: @
configure:5001: checking for strip
configure:5017: found /usr/bin/strip
configure:5028: result: strip
configure:5100: checking for ranlib
configure:5116: found /usr/bin/ranlib
configure:5127: result: ranlib
configure:5204: checking for gawk
configure:5220: found /usr/bin/gawk
configure:5231: result: gawk
configure:5271: checking command to parse /usr/bin/nm -B output from gcc object
configure:5390: gcc -c -g -O2  conftest.c >&5
configure:5393: $? = 0
configure:5397: /usr/bin/nm -B conftest.o \| sed -n -e 's/^.*[ ]\([ABCDGIRSTW][ABCDGIRSTW]*\)[ ][ ]*\([_A-Za-z][_A-Za-z0-9]*\)$/\1 \2 \2/p' | sed '/ __gnu_lto/d' \> conftest.nm
configure:5400: $? = 0
configure:5466: gcc -o conftest.exe -g -O2   conftest.c conftstm.o >&5
configure:5469: $? = 0
configure:5507: result: ok
configure:5544: checking for sysroot
configure:5574: result: no
configure:5817: checking for mt
configure:5847: result: no
configure:5867: checking if : is a manifest tool
configure:5873: : '-?'
configure:5881: result: no
configure:6513: checking how to run the C preprocessor
configure:6544: gcc -E  conftest.c
configure:6544: $? = 0
configure:6558: gcc -E  conftest.c
conftest.c:9:10: fatal error: ac_nonexistent.h: No such file or directory
    9 | #include <ac_nonexistent.h>
      |          ^~~~~~~~~~~~~~~~~~
compilation terminated.
configure:6558: $? = 1
configure: failed program was:
| /* confdefs.h */
| #define PACKAGE_NAME ""
| #define PACKAGE_TARNAME ""
| #define PACKAGE_VERSION ""
| #define PACKAGE_STRING ""
| #define PACKAGE_BUGREPORT ""
| #define PACKAGE_URL ""
| /* end confdefs.h.  */
| #include <ac_nonexistent.h>
configure:6583: result: gcc -E
configure:6603: gcc -E  conftest.c
configure:6603: $? = 0
configure:6617: gcc -E  conftest.c
conftest.c:9:10: fatal error: ac_nonexistent.h: No such file or directory
    9 | #include <ac_nonexistent.h>
      |          ^~~~~~~~~~~~~~~~~~
compilation terminated.
configure:6617: $? = 1
configure: failed program was:
| /* confdefs.h */
| #define PACKAGE_NAME ""
| #define PACKAGE_TARNAME ""
| #define PACKAGE_VERSION ""
| #define PACKAGE_STRING ""
| #define PACKAGE_BUGREPORT ""
| #define PACKAGE_URL ""
| /* end confdefs.h.  */
| #include <ac_nonexistent.h>
configure:6646: checking for ANSI C header files
configure:6666: gcc -c -g -O2  conftest.c >&5
configure:6666: $? = 0
configure:6739: gcc -o conftest.exe -g -O2   conftest.c  >&5
configure:6739: $? = 0
configure:6739: ./conftest.exe
configure:6739: $? = 0
configure:6750: result: yes
configure:6763: checking for sys/types.h
configure:6763: gcc -c -g -O2  conftest.c >&5
configure:6763: $? = 0
configure:6763: result: yes
configure:6763: checking for sys/stat.h
configure:6763: gcc -c -g -O2  conftest.c >&5
configure:6763: $? = 0
configure:6763: result: yes
configure:6763: checking for stdlib.h
configure:6763: gcc -c -g -O2  conftest.c >&5
configure:6763: $? = 0
configure:6763: result: yes
configure:6763: checking for string.h
configure:6763: gcc -c -g -O2  conftest.c >&5
configure:6763: $? = 0
configure:6763: result: yes
configure:6763: checking for memory.h
configure:6763: gcc -c -g -O2  conftest.c >&5
configure:6763: $? = 0
configure:6763: result: yes
configure:6763: checking for strings.h
configure:6763: gcc -c -g -O2  conftest.c >&5
configure:6763: $? = 0
configure:6763: result: yes
configure:6763: checking for inttypes.h
configure:6763: gcc -c -g -O2  conftest.c >&5
configure:6763: $? = 0
configure:6763: result: yes
configure:6763: checking for stdint.h
configure:6763: gcc -c -g -O2  conftest.c >&5
configure:6763: $? = 0
configure:6763: result: yes
configure:6763: checking for unistd.h
configure:6763: gcc -c -g -O2  conftest.c >&5
configure:6763: $? = 0
configure:6763: result: yes
configure:6777: checking for dlfcn.h
configure:6777: gcc -c -g -O2  conftest.c >&5
configure:6777: $? = 0
configure:6777: result: yes
configure:7262: checking for objdir
configure:7277: result: .libs
configure:7548: checking if gcc supports -fno-rtti -fno-exceptions
configure:7566: gcc -c -g -O2  -fno-rtti -fno-exceptions conftest.c >&5
cc1: warning: command-line option '-fno-rtti' is valid for C++/D/ObjC++ but not for C
configure:7570: $? = 0
configure:7583: result: no
configure:7893: checking for gcc option to produce PIC
configure:7900: result: -fPIC -DPIC
configure:7908: checking if gcc PIC flag -fPIC -DPIC works
configure:7926: gcc -c -g -O2  -fPIC -DPIC -DPIC conftest.c >&5
configure:7930: $? = 0
configure:7943: result: yes
configure:7972: checking if gcc static flag -static works
configure:8000: result: yes
configure:8015: checking if gcc supports -c -o file.o
configure:8036: gcc -c -g -O2  -o out/conftest2.o conftest.c >&5
configure:8040: $? = 0
configure:8062: result: yes
configure:8070: checking if gcc supports -c -o file.o
configure:8117: result: yes
configure:8150: checking whether the gcc linker (/usr/x86_64-pc-msys/bin/ld.exe) supports shared libraries
configure:9308: result: yes
configure:9345: checking whether -lc should be explicitly linked in
configure:9353: gcc -c -g -O2  conftest.c >&5
configure:9356: $? = 0
configure:9371: gcc -shared  -fPIC -DPIC conftest.o  -v -Wl,-soname -Wl,conftest -o conftest 2\>\&1 \| /usr/bin/grep  -lc  \>/dev/null 2\>\&1
configure:9374: $? = 1
configure:9388: result: yes
configure:9553: checking dynamic linker characteristics
configure:10289: result: no
configure:10396: checking how to hardcode library paths into programs
configure:10421: result: immediate
configure:10961: checking whether stripping libraries is possible
configure:10966: result: yes
configure:11001: checking if libtool supports shared libraries
configure:11003: result: no
configure:11006: checking whether to build shared libraries
configure:11027: result: no
configure:11030: checking whether to build static libraries
configure:11034: result: yes
configure:11098: checking for a BSD-compatible install
configure:11166: result: /usr/bin/install -c
configure:11177: checking whether build environment is sane
configure:11227: result: yes
configure:11368: checking for a thread-safe mkdir -p
configure:11407: result: /usr/bin/mkdir -p
configure:11416: checking whether make sets $(MAKE)
configure:11438: result: yes
configure:11468: checking for style of include used by make
configure:11496: result: GNU
configure:11582: checking dependency style of gcc
configure:11693: result: gcc3
configure:11759: checking for gcc
configure:11786: result: gcc
configure:12015: checking for C compiler version
configure:12024: gcc --version >&5
gcc (GCC) 10.2.0
Copyright (C) 2020 Free Software Foundation, Inc.
This is free software; see the source for copying conditions.  There is NO
warranty; not even for MERCHANTABILITY or FITNESS FOR A PARTICULAR PURPOSE.

configure:12035: $? = 0
configure:12024: gcc -v >&5
Using built-in specs.
COLLECT_GCC=gcc
COLLECT_LTO_WRAPPER=/usr/lib/gcc/x86_64-pc-msys/10.2.0/lto-wrapper.exe
Target: x86_64-pc-msys
Configured with: /c/_/S/gcc/src/gcc-10.2.0/configure --build=x86_64-pc-msys --prefix=/usr --libexecdir=/usr/lib --enable-bootstrap --enable-shared --enable-shared-libgcc --enable-static --enable-version-specific-runtime-libs --with-arch=x86-64 --with-tune=generic --disable-multilib --enable-__cxa_atexit --with-dwarf2 --enable-languages=c,c++,fortran,lto --enable-graphite --enable-threads=posix --enable-libatomic --enable-libgomp --disable-libitm --enable-libquadmath --enable-libquadmath-support --disable-libssp --disable-win32-registry --disable-symvers --with-gnu-ld --with-gnu-as --disable-isl-version-check --enable-checking=release --without-libiconv-prefix --without-libintl-prefix --with-system-zlib --enable-linker-build-id --with-default-libstdcxx-abi=gcc4-compatible --enable-libstdcxx-filesystem-ts
Thread model: posix
Supported LTO compression algorithms: zlib
gcc version 10.2.0 (GCC) 
configure:12035: $? = 0
configure:12024: gcc -V >&5
gcc: error: unrecognized command-line option '-V'
gcc: fatal error: no input files
compilation terminated.
configure:12035: $? = 1
configure:12024: gcc -qversion >&5
gcc: error: unrecognized command-line option '-qversion'; did you mean '--version'?
gcc: fatal error: no input files
compilation terminated.
configure:12035: $? = 1
configure:12039: checking whether we are using the GNU C compiler
configure:12067: result: yes
configure:12076: checking whether gcc accepts -g
configure:12137: result: yes
configure:12154: checking for gcc option to accept ISO C89
configure:12230: result: none needed
configure:12304: checking for gcc
configure:12320: found /usr/bin/gcc
configure:12331: result: gcc
configure:12356: checking for Objective C compiler version
configure:12365: gcc --version >&5
gcc (GCC) 10.2.0
Copyright (C) 2020 Free Software Foundation, Inc.
This is free software; see the source for copying conditions.  There is NO
warranty; not even for MERCHANTABILITY or FITNESS FOR A PARTICULAR PURPOSE.

configure:12376: $? = 0
configure:12365: gcc -v >&5
Using built-in specs.
COLLECT_GCC=gcc
COLLECT_LTO_WRAPPER=/usr/lib/gcc/x86_64-pc-msys/10.2.0/lto-wrapper.exe
Target: x86_64-pc-msys
Configured with: /c/_/S/gcc/src/gcc-10.2.0/configure --build=x86_64-pc-msys --prefix=/usr --libexecdir=/usr/lib --enable-bootstrap --enable-shared --enable-shared-libgcc --enable-static --enable-version-specific-runtime-libs --with-arch=x86-64 --with-tune=generic --disable-multilib --enable-__cxa_atexit --with-dwarf2 --enable-languages=c,c++,fortran,lto --enable-graphite --enable-threads=posix --enable-libatomic --enable-libgomp --disable-libitm --enable-libquadmath --enable-libquadmath-support --disable-libssp --disable-win32-registry --disable-symvers --with-gnu-ld --with-gnu-as --disable-isl-version-check --enable-checking=release --without-libiconv-prefix --without-libintl-prefix --with-system-zlib --enable-linker-build-id --with-default-libstdcxx-abi=gcc4-compatible --enable-libstdcxx-filesystem-ts
Thread model: posix
Supported LTO compression algorithms: zlib
gcc version 10.2.0 (GCC) 
configure:12376: $? = 0
configure:12365: gcc -V >&5
gcc: error: unrecognized command-line option '-V'
gcc: fatal error: no input files
compilation terminated.
configure:12376: $? = 1
configure:12365: gcc -qversion >&5
gcc: error: unrecognized command-line option '-qversion'; did you mean '--version'?
gcc: fatal error: no input files
compilation terminated.
configure:12376: $? = 1
configure:12380: checking whether we are using the GNU Objective C compiler
configure:12399: gcc -c   conftest.m >&5
gcc: error: conftest.m: Objective-C compiler not installed on this system
configure:12399: $? = 1
configure: failed program was:
| /* confdefs.h */
| #define PACKAGE_NAME ""
| #define PACKAGE_TARNAME ""
| #define PACKAGE_VERSION ""
| #define PACKAGE_STRING ""
| #define PACKAGE_BUGREPORT ""
| #define PACKAGE_URL ""
| #define STDC_HEADERS 1
| #define HAVE_SYS_TYPES_H 1
| #define HAVE_SYS_STAT_H 1
| #define HAVE_STDLIB_H 1
| #define HAVE_STRING_H 1
| #define HAVE_MEMORY_H 1
| #define HAVE_STRINGS_H 1
| #define HAVE_INTTYPES_H 1
| #define HAVE_STDINT_H 1
| #define HAVE_UNISTD_H 1
| #define HAVE_DLFCN_H 1
| #define LT_OBJDIR ".libs/"
| #define PACKAGE "SDL2_gfx"
| #define VERSION "1.0.2"
| /* end confdefs.h.  */
| 
| int
| main ()
| {
| #ifndef __GNUC__
|        choke me
| #endif
| 
|   ;
|   return 0;
| }
configure:12408: result: no
configure:12417: checking whether gcc accepts -g
configure:12437: gcc -c -g  conftest.m >&5
gcc: error: conftest.m: Objective-C compiler not installed on this system
configure:12437: $? = 1
configure: failed program was:
| /* confdefs.h */
| #define PACKAGE_NAME ""
| #define PACKAGE_TARNAME ""
| #define PACKAGE_VERSION ""
| #define PACKAGE_STRING ""
| #define PACKAGE_BUGREPORT ""
| #define PACKAGE_URL ""
| #define STDC_HEADERS 1
| #define HAVE_SYS_TYPES_H 1
| #define HAVE_SYS_STAT_H 1
| #define HAVE_STDLIB_H 1
| #define HAVE_STRING_H 1
| #define HAVE_MEMORY_H 1
| #define HAVE_STRINGS_H 1
| #define HAVE_INTTYPES_H 1
| #define HAVE_STDINT_H 1
| #define HAVE_UNISTD_H 1
| #define HAVE_DLFCN_H 1
| #define LT_OBJDIR ".libs/"
| #define PACKAGE "SDL2_gfx"
| #define VERSION "1.0.2"
| /* end confdefs.h.  */
| 
| int
| main ()
| {
| 
|   ;
|   return 0;
| }
configure:12452: gcc -c   conftest.m >&5
gcc: error: conftest.m: Objective-C compiler not installed on this system
configure:12452: $? = 1
configure: failed program was:
| /* confdefs.h */
| #define PACKAGE_NAME ""
| #define PACKAGE_TARNAME ""
| #define PACKAGE_VERSION ""
| #define PACKAGE_STRING ""
| #define PACKAGE_BUGREPORT ""
| #define PACKAGE_URL ""
| #define STDC_HEADERS 1
| #define HAVE_SYS_TYPES_H 1
| #define HAVE_SYS_STAT_H 1
| #define HAVE_STDLIB_H 1
| #define HAVE_STRING_H 1
| #define HAVE_MEMORY_H 1
| #define HAVE_STRINGS_H 1
| #define HAVE_INTTYPES_H 1
| #define HAVE_STDINT_H 1
| #define HAVE_UNISTD_H 1
| #define HAVE_DLFCN_H 1
| #define LT_OBJDIR ".libs/"
| #define PACKAGE "SDL2_gfx"
| #define VERSION "1.0.2"
| /* end confdefs.h.  */
| 
| int
| main ()
| {
| 
|   ;
|   return 0;
| }
configure:12468: gcc -c -g  conftest.m >&5
gcc: error: conftest.m: Objective-C compiler not installed on this system
configure:12468: $? = 1
configure: failed program was:
| /* confdefs.h */
| #define PACKAGE_NAME ""
| #define PACKAGE_TARNAME ""
| #define PACKAGE_VERSION ""
| #define PACKAGE_STRING ""
| #define PACKAGE_BUGREPORT ""
| #define PACKAGE_URL ""
| #define STDC_HEADERS 1
| #define HAVE_SYS_TYPES_H 1
| #define HAVE_SYS_STAT_H 1
| #define HAVE_STDLIB_H 1
| #define HAVE_STRING_H 1
| #define HAVE_MEMORY_H 1
| #define HAVE_STRINGS_H 1
| #define HAVE_INTTYPES_H 1
| #define HAVE_STDINT_H 1
| #define HAVE_UNISTD_H 1
| #define HAVE_DLFCN_H 1
| #define LT_OBJDIR ".libs/"
| #define PACKAGE "SDL2_gfx"
| #define VERSION "1.0.2"
| /* end confdefs.h.  */
| 
| int
| main ()
| {
| 
|   ;
|   return 0;
| }
configure:12478: result: no
configure:12503: checking dependency style of gcc
configure:12612: result: gcc3
configure:12627: checking for inline
configure:12643: gcc -c -g -O2  conftest.c >&5
configure:12643: $? = 0
configure:12651: result: inline
configure:12670: checking whether make sets $(MAKE)
configure:12692: result: yes
configure:12710: checking for windres
configure:12726: found /usr/bin/windres
configure:12737: result: windres
configure:12818: checking size of long
configure:12823: gcc -o conftest.exe -g -O2 -O -DUSE_MMX   conftest.c  >&5
configure:12823: $? = 0
configure:12823: ./conftest.exe
configure:12823: $? = 0
configure:12837: result: 8
configure:12903: checking for pkg-config
configure:12921: found /usr/bin/pkg-config
configure:12933: result: /usr/bin/pkg-config
configure:12958: checking pkg-config is at least version 0.9.0
configure:12961: result: yes
configure:12999: checking for SDL
configure:13007: $PKG_CONFIG --exists --print-errors "sdl2 >= $min_sdl_version"
configure:13010: $? = 0
configure:13025: $PKG_CONFIG --exists --print-errors "sdl2 >= $min_sdl_version"
configure:13028: $? = 0
configure:13064: result: yes
configure:13484: creating ./config.status

## ---------------- ##
## Cache variables. ##
## ---------------- ##

ac_cv_build=x86_64-pc-msys
ac_cv_c_compiler_gnu=yes
ac_cv_c_inline=inline
ac_cv_env_CC_set=
ac_cv_env_CC_value=
ac_cv_env_CFLAGS_set=
ac_cv_env_CFLAGS_value=
ac_cv_env_CPPFLAGS_set=
ac_cv_env_CPPFLAGS_value=
ac_cv_env_CPP_set=
ac_cv_env_CPP_value=
ac_cv_env_LDFLAGS_set=
ac_cv_env_LDFLAGS_value=
ac_cv_env_LIBS_set=
ac_cv_env_LIBS_value=
ac_cv_env_OBJCFLAGS_set=
ac_cv_env_OBJCFLAGS_value=
ac_cv_env_OBJC_set=
ac_cv_env_OBJC_value=
ac_cv_env_PKG_CONFIG_set=
ac_cv_env_PKG_CONFIG_value=
ac_cv_env_SDL_CFLAGS_set=
ac_cv_env_SDL_CFLAGS_value=
ac_cv_env_SDL_LIBS_set=
ac_cv_env_SDL_LIBS_value=
ac_cv_env_build_alias_set=
ac_cv_env_build_alias_value=
ac_cv_env_host_alias_set=
ac_cv_env_host_alias_value=
ac_cv_env_target_alias_set=
ac_cv_env_target_alias_value=
ac_cv_exeext=.exe
ac_cv_header_dlfcn_h=yes
ac_cv_header_inttypes_h=yes
ac_cv_header_memory_h=yes
ac_cv_header_stdc=yes
ac_cv_header_stdint_h=yes
ac_cv_header_stdlib_h=yes
ac_cv_header_string_h=yes
ac_cv_header_strings_h=yes
ac_cv_header_sys_stat_h=yes
ac_cv_header_sys_types_h=yes
ac_cv_header_unistd_h=yes
ac_cv_host=x86_64-pc-msys
ac_cv_objc_compiler_gnu=no
ac_cv_objext=o
ac_cv_path_EGREP='/usr/bin/grep -E'
ac_cv_path_FGREP='/usr/bin/grep -F'
ac_cv_path_GREP=/usr/bin/grep
ac_cv_path_SED=/usr/bin/sed
ac_cv_path_ac_pt_PKG_CONFIG=/usr/bin/pkg-config
ac_cv_path_install='/usr/bin/install -c'
ac_cv_path_mkdir=/usr/bin/mkdir
ac_cv_prog_AWK=gawk
ac_cv_prog_CPP='gcc -E'
ac_cv_prog_WINDRES=windres
ac_cv_prog_ac_ct_AR=ar
ac_cv_prog_ac_ct_CC=gcc
ac_cv_prog_ac_ct_DLLTOOL=dlltool
ac_cv_prog_ac_ct_OBJC=gcc
ac_cv_prog_ac_ct_OBJDUMP=objdump
ac_cv_prog_ac_ct_RANLIB=ranlib
ac_cv_prog_ac_ct_STRIP=strip
ac_cv_prog_cc_c89=
ac_cv_prog_cc_g=yes
ac_cv_prog_make_make_set=yes
ac_cv_prog_objc_g=no
ac_cv_sizeof_long=8
am_cv_CC_dependencies_compiler_type=gcc3
am_cv_OBJC_dependencies_compiler_type=gcc3
lt_cv_ar_at_file=@
lt_cv_archive_cmds_need_lc=yes
lt_cv_deplibs_check_method=unknown
lt_cv_file_magic_cmd='$MAGIC_CMD'
lt_cv_file_magic_test_file=
lt_cv_ld_reload_flag=-r
lt_cv_nm_interface='BSD nm'
lt_cv_objdir=.libs
lt_cv_path_LD=/usr/x86_64-pc-msys/bin/ld.exe
lt_cv_path_NM='/usr/bin/nm -B'
lt_cv_path_mainfest_tool=no
lt_cv_prog_compiler_c_o=yes
lt_cv_prog_compiler_pic='-fPIC -DPIC'
lt_cv_prog_compiler_pic_works=yes
lt_cv_prog_compiler_rtti_exceptions=no
lt_cv_prog_compiler_static_works=yes
lt_cv_prog_gnu_ld=yes
lt_cv_sharedlib_from_linklib_cmd='printf %s\n'
lt_cv_sys_global_symbol_pipe='sed -n -e '\''s/^.*[	 ]\([ABCDGIRSTW][ABCDGIRSTW]*\)[	 ][	 ]*\([_A-Za-z][_A-Za-z0-9]*\)$/\1 \2 \2/p'\'' | sed '\''/ __gnu_lto/d'\'''
lt_cv_sys_global_symbol_to_c_name_address='sed -n -e '\''s/^: \([^ ]*\)[ ]*$/  {\"\1\", (void *) 0},/p'\'' -e '\''s/^[ABCDGIRSTW]* \([^ ]*\) \([^ ]*\)$/  {"\2", (void *) \&\2},/p'\'''
lt_cv_sys_global_symbol_to_c_name_address_lib_prefix='sed -n -e '\''s/^: \([^ ]*\)[ ]*$/  {\"\1\", (void *) 0},/p'\'' -e '\''s/^[ABCDGIRSTW]* \([^ ]*\) \(lib[^ ]*\)$/  {"\2", (void *) \&\2},/p'\'' -e '\''s/^[ABCDGIRSTW]* \([^ ]*\) \([^ ]*\)$/  {"lib\2", (void *) \&\2},/p'\'''
lt_cv_sys_global_symbol_to_cdecl='sed -n -e '\''s/^T .* \(.*\)$/extern int \1();/p'\'' -e '\''s/^[ABCDGIRSTW]* .* \(.*\)$/extern char \1;/p'\'''
lt_cv_sys_max_cmd_len=24000
lt_cv_to_host_file_cmd=func_convert_file_noop
lt_cv_to_tool_file_cmd=func_convert_file_noop
pkg_cv_SDL_CFLAGS='-Dmain=SDL_main -I/usr/include/SDL2'
pkg_cv_SDL_LIBS='-lmingw32 -lSDL2main -lSDL2 -mwindows -Wl,--dynamicbase -Wl,--nxcompat -lm -ldinput8 -ldxguid -ldxerr8 -luser32 -lgdi32 -lwinmm -limm32 -lole32 -loleaut32 -lshell32 -lsetupapi -lversion -luuid'

## ----------------- ##
## Output variables. ##
## ----------------- ##

ACLOCAL='${SHELL} /d/ProgramFiles/intelFPGA/18.1/hld/board/terasic/de1_soc/tests/DE1_libonnx/SDL2_gfx-1.0.4/missing --run aclocal-1.11'
AMDEPBACKSLASH='\'
AMDEP_FALSE='#'
AMDEP_TRUE=''
AMTAR='$${TAR-tar}'
AR='ar'
AS='as'
AUTOCONF='${SHELL} /d/ProgramFiles/intelFPGA/18.1/hld/board/terasic/de1_soc/tests/DE1_libonnx/SDL2_gfx-1.0.4/missing --run autoconf'
AUTOHEADER='${SHELL} /d/ProgramFiles/intelFPGA/18.1/hld/board/terasic/de1_soc/tests/DE1_libonnx/SDL2_gfx-1.0.4/missing --run autoheader'
AUTOMAKE='${SHELL} /d/ProgramFiles/intelFPGA/18.1/hld/board/terasic/de1_soc/tests/DE1_libonnx/SDL2_gfx-1.0.4/missing --run automake-1.11'
AWK='gawk'
BINARY_AGE='2'
CC='gcc'
CCDEPMODE='depmode=gcc3'
CFLAGS='-g -O2 -O -DUSE_MMX -Dmain=SDL_main -I/usr/include/SDL2'
CPP='gcc -E'
CPPFLAGS=''
CYGPATH_W='cygpath -w'
DEFS='-DPACKAGE_NAME=\"\" -DPACKAGE_TARNAME=\"\" -DPACKAGE_VERSION=\"\" -DPACKAGE_STRING=\"\" -DPACKAGE_BUGREPORT=\"\" -DPACKAGE_URL=\"\" -DSTDC_HEADERS=1 -DHAVE_SYS_TYPES_H=1 -DHAVE_SYS_STAT_H=1 -DHAVE_STDLIB_H=1 -DHAVE_STRING_H=1 -DHAVE_MEMORY_H=1 -DHAVE_STRINGS_H=1 -DHAVE_INTTYPES_H=1 -DHAVE_STDINT_H=1 -DHAVE_UNISTD_H=1 -DHAVE_DLFCN_H=1 -DLT_OBJDIR=\".libs/\" -DPACKAGE=\"SDL2_gfx\" -DVERSION=\"1.0.2\" -DSIZEOF_LONG=8'
DEPDIR='.deps'
DLLTOOL='dlltool'
DSYMUTIL=''
DUMPBIN=''
ECHO_C=''
ECHO_N='-n'
ECHO_T=''
EGREP='/usr/bin/grep -E'
EXEEXT='.exe'
FGREP='/usr/bin/grep -F'
GREP='/usr/bin/grep'
INSTALL_DATA='${INSTALL} -m 644'
INSTALL_PROGRAM='${INSTALL}'
INSTALL_SCRIPT='${INSTALL}'
INSTALL_STRIP_PROGRAM='$(install_sh) -c -s'
INTERFACE_AGE='2'
LD='/usr/x86_64-pc-msys/bin/ld.exe'
LDFLAGS=''
LIBOBJS=''
LIBS=' -lmingw32 -lSDL2main -lSDL2 -mwindows -Wl,--dynamicbase -Wl,--nxcompat -lm -ldinput8 -ldxguid -ldxerr8 -luser32 -lgdi32 -lwinmm -limm32 -lole32 -loleaut32 -lshell32 -lsetupapi -lversion -luuid'
LIBTOOL='$(SHELL) $(top_builddir)/libtool'
LIPO=''
LN_S='cp -pR'
LTLIBOBJS=''
LT_AGE='0'
LT_CURRENT='0'
LT_RELEASE='1.0'
LT_REVISION='2'
MAJOR_VERSION='1'
MAKEINFO='${SHELL} /d/ProgramFiles/intelFPGA/18.1/hld/board/terasic/de1_soc/tests/DE1_libonnx/SDL2_gfx-1.0.4/missing --run makeinfo'
MANIFEST_TOOL=':'
MICRO_VERSION='2'
MINOR_VERSION='0'
MKDIR_P='/usr/bin/mkdir -p'
NM='/usr/bin/nm -B'
NMEDIT=''
OBJC='gcc'
OBJCDEPMODE='depmode=gcc3'
OBJCFLAGS='-g -O2 -O -DUSE_MMX -Dmain=SDL_main -I/usr/include/SDL2'
OBJDUMP='objdump'
OBJEXT='o'
OTOOL64=''
OTOOL=''
PACKAGE='SDL2_gfx'
PACKAGE_BUGREPORT=''
PACKAGE_NAME=''
PACKAGE_STRING=''
PACKAGE_TARNAME=''
PACKAGE_URL=''
PACKAGE_VERSION=''
PATH_SEPARATOR=':'
PKG_CONFIG='/usr/bin/pkg-config'
RANLIB='ranlib'
SDL_CFLAGS='-Dmain=SDL_main -I/usr/include/SDL2'
SDL_CONFIG='pkg-config sdl2'
SDL_LIBS='-lmingw32 -lSDL2main -lSDL2 -mwindows -Wl,--dynamicbase -Wl,--nxcompat -lm -ldinput8 -ldxguid -ldxerr8 -luser32 -lgdi32 -lwinmm -limm32 -lole32 -loleaut32 -lshell32 -lsetupapi -lversion -luuid'
SDL_VERSION='2.0.0'
SED='/usr/bin/sed'
SET_MAKE=''
SHELL='/bin/sh'
STRIP='strip'
VERSION='1.0.2'
WINDRES='windres'
ac_ct_AR='ar'
ac_ct_CC='gcc'
ac_ct_DUMPBIN=''
ac_ct_OBJC='gcc'
am__EXEEXT_FALSE='#'
am__EXEEXT_TRUE=''
am__fastdepCC_FALSE='#'
am__fastdepCC_TRUE=''
am__fastdepOBJC_FALSE='#'
am__fastdepOBJC_TRUE=''
am__include='include'
am__isrc=''
am__leading_dot='.'
am__nodep='_no'
am__quote=''
am__tar='$${TAR-tar} chof - "$$tardir"'
am__untar='$${TAR-tar} xf -'
bindir='${exec_prefix}/bin'
build='x86_64-pc-msys'
build_alias='x86_64-pc-msys'
build_cpu='x86_64'
build_os='msys'
build_vendor='pc'
datadir='${datarootdir}'
datarootdir='${prefix}/share'
docdir='${datarootdir}/doc/${PACKAGE}'
dvidir='${docdir}'
exec_prefix='${prefix}'
host='x86_64-pc-msys'
host_alias=''
host_cpu='x86_64'
host_os='msys'
host_vendor='pc'
htmldir='${docdir}'
includedir='${prefix}/include'
infodir='${datarootdir}/info'
install_sh='${SHELL} /d/ProgramFiles/intelFPGA/18.1/hld/board/terasic/de1_soc/tests/DE1_libonnx/SDL2_gfx-1.0.4/install-sh'
libdir='${exec_prefix}/lib'
libexecdir='${exec_prefix}/libexec'
localedir='${datarootdir}/locale'
localstatedir='${prefix}/var'
mandir='${datarootdir}/man'
mkdir_p='/usr/bin/mkdir -p'
oldincludedir='/usr/include'
pdfdir='${docdir}'
prefix='/usr'
program_transform_name='s,x,x,'
psdir='${docdir}'
sbindir='${exec_prefix}/sbin'
sharedstatedir='${prefix}/com'
sysconfdir='${prefix}/etc'
target_alias=''

## ----------- ##
## confdefs.h. ##
## ----------- ##

/* confdefs.h */
#define PACKAGE_NAME ""
#define PACKAGE_TARNAME ""
#define PACKAGE_VERSION ""
#define PACKAGE_STRING ""
#define PACKAGE_BUGREPORT ""
#define PACKAGE_URL ""
#define STDC_HEADERS 1
#define HAVE_SYS_TYPES_H 1
#define HAVE_SYS_STAT_H 1
#define HAVE_STDLIB_H 1
#define HAVE_STRING_H 1
#define HAVE_MEMORY_H 1
#define HAVE_STRINGS_H 1
#define HAVE_INTTYPES_H 1
#define HAVE_STDINT_H 1
#define HAVE_UNISTD_H 1
#define HAVE_DLFCN_H 1
#define LT_OBJDIR ".libs/"
#define PACKAGE "SDL2_gfx"
#define VERSION "1.0.2"
#define SIZEOF_LONG 8

configure: exit 0

## ---------------------- ##
## Running config.status. ##
## ---------------------- ##

This file was extended by config.status, which was
generated by GNU Autoconf 2.69.  Invocation command line was

  CONFIG_FILES    = 
  CONFIG_HEADERS  = 
  CONFIG_LINKS    = 
  CONFIG_COMMANDS = 
  $ ./config.status 

on LithiumLaptop

config.status:1021: creating Makefile
config.status:1021: creating SDL2_gfx.pc
config.status:1193: executing libtool commands
config.status:1193: executing depfiles commands
