Build output check failed:
    Regex: 'argument .* is not valid'
    Output line: 'cc1: warning: ‘-Werror=’ argument ‘-Werror=non-virtual-dtor’ is not valid for C'
Compilation failed:
    source file: '/mnt/d/ProgramFiles/intelFPGA/18.1/hld/board/terasic/de1_soc/tests/DE1_libonnx/OpenCV/opencv-4.5.3/build_gcc_win86/CMakeFiles/CMakeTmp/src.c'
    check option: ' -fsigned-char -W -Wall -Werror=return-type  -Werror=non-virtual-dtor'
===== BUILD LOG =====
Change Dir: /mnt/d/ProgramFiles/intelFPGA/18.1/hld/board/terasic/de1_soc/tests/DE1_libonnx/OpenCV/opencv-4.5.3/build_gcc_win86/CMakeFiles/CMakeTmp

Run Build Command:"/usr/bin/make" "cmTC_da6ce/fast"
/usr/bin/make -f CMakeFiles/cmTC_da6ce.dir/build.make CMakeFiles/cmTC_da6ce.dir/build
make[1]: Entering directory '/mnt/d/ProgramFiles/intelFPGA/18.1/hld/board/terasic/de1_soc/tests/DE1_libonnx/OpenCV/opencv-4.5.3/build_gcc_win86/CMakeFiles/CMakeTmp'
Building C object CMakeFiles/cmTC_da6ce.dir/src.c.o
/usr/bin/cc   -O3 -DNDEBUG -fPIE   -fsigned-char -W -Wall -Werror=return-type -Werror=non-virtual-dtor -o CMakeFiles/cmTC_da6ce.dir/src.c.o   -c /mnt/d/ProgramFiles/intelFPGA/18.1/hld/board/terasic/de1_soc/tests/DE1_libonnx/OpenCV/opencv-4.5.3/build_gcc_win86/CMakeFiles/CMakeTmp/src.c
cc1: warning: ‘-Werror=’ argument ‘-Werror=non-virtual-dtor’ is not valid for C
/mnt/d/ProgramFiles/intelFPGA/18.1/hld/board/terasic/de1_soc/tests/DE1_libonnx/OpenCV/opencv-4.5.3/build_gcc_win86/CMakeFiles/CMakeTmp/src.c:1:0: warning: ignoring #pragma   [-Wunknown-pragmas]
 #pragma
 
Linking C executable cmTC_da6ce
/usr/bin/cmake -E cmake_link_script CMakeFiles/cmTC_da6ce.dir/link.txt --verbose=1
/usr/bin/cc   -O3 -DNDEBUG    CMakeFiles/cmTC_da6ce.dir/src.c.o  -o cmTC_da6ce 
make[1]: Leaving directory '/mnt/d/ProgramFiles/intelFPGA/18.1/hld/board/terasic/de1_soc/tests/DE1_libonnx/OpenCV/opencv-4.5.3/build_gcc_win86/CMakeFiles/CMakeTmp'

===== END =====

Build output check failed:
    Regex: 'command[- ]line option .* is valid for .* but not for C\+\+'
    Output line: 'cc1plus: warning: command line option ‘-Wmissing-prototypes’ is valid for C/ObjC but not for C++'
Compilation failed:
    source file: '/mnt/d/ProgramFiles/intelFPGA/18.1/hld/board/terasic/de1_soc/tests/DE1_libonnx/OpenCV/opencv-4.5.3/build_gcc_win86/CMakeFiles/CMakeTmp/src.cxx'
    check option: ' -fsigned-char -W -Wall -Werror=return-type -Werror=non-virtual-dtor -Werror=address -Werror=sequence-point -Wformat -Werror=format-security -Wmissing-declarations  -Wmissing-prototypes'
===== BUILD LOG =====
Change Dir: /mnt/d/ProgramFiles/intelFPGA/18.1/hld/board/terasic/de1_soc/tests/DE1_libonnx/OpenCV/opencv-4.5.3/build_gcc_win86/CMakeFiles/CMakeTmp

Run Build Command:"/usr/bin/make" "cmTC_330e3/fast"
/usr/bin/make -f CMakeFiles/cmTC_330e3.dir/build.make CMakeFiles/cmTC_330e3.dir/build
make[1]: Entering directory '/mnt/d/ProgramFiles/intelFPGA/18.1/hld/board/terasic/de1_soc/tests/DE1_libonnx/OpenCV/opencv-4.5.3/build_gcc_win86/CMakeFiles/CMakeTmp'
Building CXX object CMakeFiles/cmTC_330e3.dir/src.cxx.o
/usr/bin/c++    -O3 -DNDEBUG -fPIE   -fsigned-char -W -Wall -Werror=return-type -Werror=non-virtual-dtor -Werror=address -Werror=sequence-point -Wformat -Werror=format-security -Wmissing-declarations -Wmissing-prototypes -std=c++11 -o CMakeFiles/cmTC_330e3.dir/src.cxx.o -c /mnt/d/ProgramFiles/intelFPGA/18.1/hld/board/terasic/de1_soc/tests/DE1_libonnx/OpenCV/opencv-4.5.3/build_gcc_win86/CMakeFiles/CMakeTmp/src.cxx
cc1plus: warning: command line option ‘-Wmissing-prototypes’ is valid for C/ObjC but not for C++
/mnt/d/ProgramFiles/intelFPGA/18.1/hld/board/terasic/de1_soc/tests/DE1_libonnx/OpenCV/opencv-4.5.3/build_gcc_win86/CMakeFiles/CMakeTmp/src.cxx:1:0: warning: ignoring #pragma   [-Wunknown-pragmas]
 #pragma
 
Linking CXX executable cmTC_330e3
/usr/bin/cmake -E cmake_link_script CMakeFiles/cmTC_330e3.dir/link.txt --verbose=1
/usr/bin/c++    -O3 -DNDEBUG    CMakeFiles/cmTC_330e3.dir/src.cxx.o  -o cmTC_330e3 
make[1]: Leaving directory '/mnt/d/ProgramFiles/intelFPGA/18.1/hld/board/terasic/de1_soc/tests/DE1_libonnx/OpenCV/opencv-4.5.3/build_gcc_win86/CMakeFiles/CMakeTmp'

===== END =====

Build output check failed:
    Regex: 'command[- ]line option .* is valid for .* but not for C\+\+'
    Output line: 'cc1plus: warning: command line option ‘-Wstrict-prototypes’ is valid for C/ObjC but not for C++'
Compilation failed:
    source file: '/mnt/d/ProgramFiles/intelFPGA/18.1/hld/board/terasic/de1_soc/tests/DE1_libonnx/OpenCV/opencv-4.5.3/build_gcc_win86/CMakeFiles/CMakeTmp/src.cxx'
    check option: ' -fsigned-char -W -Wall -Werror=return-type -Werror=non-virtual-dtor -Werror=address -Werror=sequence-point -Wformat -Werror=format-security -Wmissing-declarations  -Wstrict-prototypes'
===== BUILD LOG =====
Change Dir: /mnt/d/ProgramFiles/intelFPGA/18.1/hld/board/terasic/de1_soc/tests/DE1_libonnx/OpenCV/opencv-4.5.3/build_gcc_win86/CMakeFiles/CMakeTmp

Run Build Command:"/usr/bin/make" "cmTC_4646f/fast"
/usr/bin/make -f CMakeFiles/cmTC_4646f.dir/build.make CMakeFiles/cmTC_4646f.dir/build
make[1]: Entering directory '/mnt/d/ProgramFiles/intelFPGA/18.1/hld/board/terasic/de1_soc/tests/DE1_libonnx/OpenCV/opencv-4.5.3/build_gcc_win86/CMakeFiles/CMakeTmp'
Building CXX object CMakeFiles/cmTC_4646f.dir/src.cxx.o
/usr/bin/c++    -O3 -DNDEBUG -fPIE   -fsigned-char -W -Wall -Werror=return-type -Werror=non-virtual-dtor -Werror=address -Werror=sequence-point -Wformat -Werror=format-security -Wmissing-declarations -Wstrict-prototypes -std=c++11 -o CMakeFiles/cmTC_4646f.dir/src.cxx.o -c /mnt/d/ProgramFiles/intelFPGA/18.1/hld/board/terasic/de1_soc/tests/DE1_libonnx/OpenCV/opencv-4.5.3/build_gcc_win86/CMakeFiles/CMakeTmp/src.cxx
cc1plus: warning: command line option ‘-Wstrict-prototypes’ is valid for C/ObjC but not for C++
/mnt/d/ProgramFiles/intelFPGA/18.1/hld/board/terasic/de1_soc/tests/DE1_libonnx/OpenCV/opencv-4.5.3/build_gcc_win86/CMakeFiles/CMakeTmp/src.cxx:1:0: warning: ignoring #pragma   [-Wunknown-pragmas]
 #pragma
 
Linking CXX executable cmTC_4646f
/usr/bin/cmake -E cmake_link_script CMakeFiles/cmTC_4646f.dir/link.txt --verbose=1
/usr/bin/c++    -O3 -DNDEBUG    CMakeFiles/cmTC_4646f.dir/src.cxx.o  -o cmTC_4646f 
make[1]: Leaving directory '/mnt/d/ProgramFiles/intelFPGA/18.1/hld/board/terasic/de1_soc/tests/DE1_libonnx/OpenCV/opencv-4.5.3/build_gcc_win86/CMakeFiles/CMakeTmp'

===== END =====

Build output check failed:
    Regex: 'command[- ]line option .* is valid for .* but not for C'
    Output line: 'cc1: warning: command line option ‘-Wsign-promo’ is valid for C++/ObjC++ but not for C'
Compilation failed:
    source file: '/mnt/d/ProgramFiles/intelFPGA/18.1/hld/board/terasic/de1_soc/tests/DE1_libonnx/OpenCV/opencv-4.5.3/build_gcc_win86/CMakeFiles/CMakeTmp/src.c'
    check option: ' -fsigned-char -W -Wall -Werror=return-type -Werror=address -Werror=sequence-point -Wformat -Werror=format-security -Wmissing-declarations -Wmissing-prototypes -Wstrict-prototypes -Wundef -Winit-self -Wpointer-arith -Wshadow  -Wsign-promo'
===== BUILD LOG =====
Change Dir: /mnt/d/ProgramFiles/intelFPGA/18.1/hld/board/terasic/de1_soc/tests/DE1_libonnx/OpenCV/opencv-4.5.3/build_gcc_win86/CMakeFiles/CMakeTmp

Run Build Command:"/usr/bin/make" "cmTC_a1b1a/fast"
/usr/bin/make -f CMakeFiles/cmTC_a1b1a.dir/build.make CMakeFiles/cmTC_a1b1a.dir/build
make[1]: Entering directory '/mnt/d/ProgramFiles/intelFPGA/18.1/hld/board/terasic/de1_soc/tests/DE1_libonnx/OpenCV/opencv-4.5.3/build_gcc_win86/CMakeFiles/CMakeTmp'
Building C object CMakeFiles/cmTC_a1b1a.dir/src.c.o
/usr/bin/cc   -O3 -DNDEBUG -fPIE   -fsigned-char -W -Wall -Werror=return-type -Werror=address -Werror=sequence-point -Wformat -Werror=format-security -Wmissing-declarations -Wmissing-prototypes -Wstrict-prototypes -Wundef -Winit-self -Wpointer-arith -Wshadow -Wsign-promo -o CMakeFiles/cmTC_a1b1a.dir/src.c.o   -c /mnt/d/ProgramFiles/intelFPGA/18.1/hld/board/terasic/de1_soc/tests/DE1_libonnx/OpenCV/opencv-4.5.3/build_gcc_win86/CMakeFiles/CMakeTmp/src.c
cc1: warning: command line option ‘-Wsign-promo’ is valid for C++/ObjC++ but not for C
/mnt/d/ProgramFiles/intelFPGA/18.1/hld/board/terasic/de1_soc/tests/DE1_libonnx/OpenCV/opencv-4.5.3/build_gcc_win86/CMakeFiles/CMakeTmp/src.c:1:0: warning: ignoring #pragma   [-Wunknown-pragmas]
 #pragma
 
Linking C executable cmTC_a1b1a
/usr/bin/cmake -E cmake_link_script CMakeFiles/cmTC_a1b1a.dir/link.txt --verbose=1
/usr/bin/cc   -O3 -DNDEBUG    CMakeFiles/cmTC_a1b1a.dir/src.c.o  -o cmTC_a1b1a 
make[1]: Leaving directory '/mnt/d/ProgramFiles/intelFPGA/18.1/hld/board/terasic/de1_soc/tests/DE1_libonnx/OpenCV/opencv-4.5.3/build_gcc_win86/CMakeFiles/CMakeTmp'

===== END =====

Build output check failed:
    Regex: 'command[- ]line option .* is valid for .* but not for C'
    Output line: 'cc1: warning: command line option ‘-Wsuggest-override’ is valid for C++/ObjC++ but not for C'
Compilation failed:
    source file: '/mnt/d/ProgramFiles/intelFPGA/18.1/hld/board/terasic/de1_soc/tests/DE1_libonnx/OpenCV/opencv-4.5.3/build_gcc_win86/CMakeFiles/CMakeTmp/src.c'
    check option: ' -fsigned-char -W -Wall -Werror=return-type -Werror=address -Werror=sequence-point -Wformat -Werror=format-security -Wmissing-declarations -Wmissing-prototypes -Wstrict-prototypes -Wundef -Winit-self -Wpointer-arith -Wshadow -Wuninitialized  -Wsuggest-override'
===== BUILD LOG =====
Change Dir: /mnt/d/ProgramFiles/intelFPGA/18.1/hld/board/terasic/de1_soc/tests/DE1_libonnx/OpenCV/opencv-4.5.3/build_gcc_win86/CMakeFiles/CMakeTmp

Run Build Command:"/usr/bin/make" "cmTC_0668b/fast"
/usr/bin/make -f CMakeFiles/cmTC_0668b.dir/build.make CMakeFiles/cmTC_0668b.dir/build
make[1]: Entering directory '/mnt/d/ProgramFiles/intelFPGA/18.1/hld/board/terasic/de1_soc/tests/DE1_libonnx/OpenCV/opencv-4.5.3/build_gcc_win86/CMakeFiles/CMakeTmp'
Building C object CMakeFiles/cmTC_0668b.dir/src.c.o
/usr/bin/cc   -O3 -DNDEBUG -fPIE   -fsigned-char -W -Wall -Werror=return-type -Werror=address -Werror=sequence-point -Wformat -Werror=format-security -Wmissing-declarations -Wmissing-prototypes -Wstrict-prototypes -Wundef -Winit-self -Wpointer-arith -Wshadow -Wuninitialized -Wsuggest-override -o CMakeFiles/cmTC_0668b.dir/src.c.o   -c /mnt/d/ProgramFiles/intelFPGA/18.1/hld/board/terasic/de1_soc/tests/DE1_libonnx/OpenCV/opencv-4.5.3/build_gcc_win86/CMakeFiles/CMakeTmp/src.c
cc1: warning: command line option ‘-Wsuggest-override’ is valid for C++/ObjC++ but not for C
/mnt/d/ProgramFiles/intelFPGA/18.1/hld/board/terasic/de1_soc/tests/DE1_libonnx/OpenCV/opencv-4.5.3/build_gcc_win86/CMakeFiles/CMakeTmp/src.c:1:0: warning: ignoring #pragma   [-Wunknown-pragmas]
 #pragma
 
Linking C executable cmTC_0668b
/usr/bin/cmake -E cmake_link_script CMakeFiles/cmTC_0668b.dir/link.txt --verbose=1
/usr/bin/cc   -O3 -DNDEBUG    CMakeFiles/cmTC_0668b.dir/src.c.o  -o cmTC_0668b 
make[1]: Leaving directory '/mnt/d/ProgramFiles/intelFPGA/18.1/hld/board/terasic/de1_soc/tests/DE1_libonnx/OpenCV/opencv-4.5.3/build_gcc_win86/CMakeFiles/CMakeTmp'

===== END =====

Build output check failed:
    Regex: 'command[- ]line option .* is valid for .* but not for C'
    Output line: 'cc1: warning: command line option ‘-Wno-delete-non-virtual-dtor’ is valid for C++/ObjC++ but not for C'
Compilation failed:
    source file: '/mnt/d/ProgramFiles/intelFPGA/18.1/hld/board/terasic/de1_soc/tests/DE1_libonnx/OpenCV/opencv-4.5.3/build_gcc_win86/CMakeFiles/CMakeTmp/src.c'
    check option: ' -fsigned-char -W -Wall -Werror=return-type -Werror=address -Werror=sequence-point -Wformat -Werror=format-security -Wmissing-declarations -Wmissing-prototypes -Wstrict-prototypes -Wundef -Winit-self -Wpointer-arith -Wshadow -Wuninitialized  -Wno-delete-non-virtual-dtor'
===== BUILD LOG =====
Change Dir: /mnt/d/ProgramFiles/intelFPGA/18.1/hld/board/terasic/de1_soc/tests/DE1_libonnx/OpenCV/opencv-4.5.3/build_gcc_win86/CMakeFiles/CMakeTmp

Run Build Command:"/usr/bin/make" "cmTC_23ec1/fast"
/usr/bin/make -f CMakeFiles/cmTC_23ec1.dir/build.make CMakeFiles/cmTC_23ec1.dir/build
make[1]: Entering directory '/mnt/d/ProgramFiles/intelFPGA/18.1/hld/board/terasic/de1_soc/tests/DE1_libonnx/OpenCV/opencv-4.5.3/build_gcc_win86/CMakeFiles/CMakeTmp'
Building C object CMakeFiles/cmTC_23ec1.dir/src.c.o
/usr/bin/cc   -O3 -DNDEBUG -fPIE   -fsigned-char -W -Wall -Werror=return-type -Werror=address -Werror=sequence-point -Wformat -Werror=format-security -Wmissing-declarations -Wmissing-prototypes -Wstrict-prototypes -Wundef -Winit-self -Wpointer-arith -Wshadow -Wuninitialized -Wno-delete-non-virtual-dtor -o CMakeFiles/cmTC_23ec1.dir/src.c.o   -c /mnt/d/ProgramFiles/intelFPGA/18.1/hld/board/terasic/de1_soc/tests/DE1_libonnx/OpenCV/opencv-4.5.3/build_gcc_win86/CMakeFiles/CMakeTmp/src.c
cc1: warning: command line option ‘-Wno-delete-non-virtual-dtor’ is valid for C++/ObjC++ but not for C
/mnt/d/ProgramFiles/intelFPGA/18.1/hld/board/terasic/de1_soc/tests/DE1_libonnx/OpenCV/opencv-4.5.3/build_gcc_win86/CMakeFiles/CMakeTmp/src.c:1:0: warning: ignoring #pragma   [-Wunknown-pragmas]
 #pragma
 
Linking C executable cmTC_23ec1
/usr/bin/cmake -E cmake_link_script CMakeFiles/cmTC_23ec1.dir/link.txt --verbose=1
/usr/bin/cc   -O3 -DNDEBUG    CMakeFiles/cmTC_23ec1.dir/src.c.o  -o cmTC_23ec1 
make[1]: Leaving directory '/mnt/d/ProgramFiles/intelFPGA/18.1/hld/board/terasic/de1_soc/tests/DE1_libonnx/OpenCV/opencv-4.5.3/build_gcc_win86/CMakeFiles/CMakeTmp'

===== END =====

Build output check failed:
    Regex: 'unrecognized .*option'
    Output line: 'cc1plus: warning: unrecognized command line option ‘-Wno-unnamed-type-template-args’'
Compilation failed:
    source file: '/mnt/d/ProgramFiles/intelFPGA/18.1/hld/board/terasic/de1_soc/tests/DE1_libonnx/OpenCV/opencv-4.5.3/build_gcc_win86/CMakeFiles/CMakeTmp/src.cxx'
    check option: ' -fsigned-char -W -Wall -Werror=return-type -Werror=non-virtual-dtor -Werror=address -Werror=sequence-point -Wformat -Werror=format-security -Wmissing-declarations -Wundef -Winit-self -Wpointer-arith -Wshadow -Wsign-promo -Wuninitialized -Wsuggest-override -Wno-delete-non-virtual-dtor  -Wno-unnamed-type-template-args'
===== BUILD LOG =====
Change Dir: /mnt/d/ProgramFiles/intelFPGA/18.1/hld/board/terasic/de1_soc/tests/DE1_libonnx/OpenCV/opencv-4.5.3/build_gcc_win86/CMakeFiles/CMakeTmp

Run Build Command:"/usr/bin/make" "cmTC_9bf96/fast"
/usr/bin/make -f CMakeFiles/cmTC_9bf96.dir/build.make CMakeFiles/cmTC_9bf96.dir/build
make[1]: Entering directory '/mnt/d/ProgramFiles/intelFPGA/18.1/hld/board/terasic/de1_soc/tests/DE1_libonnx/OpenCV/opencv-4.5.3/build_gcc_win86/CMakeFiles/CMakeTmp'
Building CXX object CMakeFiles/cmTC_9bf96.dir/src.cxx.o
/usr/bin/c++    -O3 -DNDEBUG -fPIE   -fsigned-char -W -Wall -Werror=return-type -Werror=non-virtual-dtor -Werror=address -Werror=sequence-point -Wformat -Werror=format-security -Wmissing-declarations -Wundef -Winit-self -Wpointer-arith -Wshadow -Wsign-promo -Wuninitialized -Wsuggest-override -Wno-delete-non-virtual-dtor -Wno-unnamed-type-template-args -std=c++11 -o CMakeFiles/cmTC_9bf96.dir/src.cxx.o -c /mnt/d/ProgramFiles/intelFPGA/18.1/hld/board/terasic/de1_soc/tests/DE1_libonnx/OpenCV/opencv-4.5.3/build_gcc_win86/CMakeFiles/CMakeTmp/src.cxx
/mnt/d/ProgramFiles/intelFPGA/18.1/hld/board/terasic/de1_soc/tests/DE1_libonnx/OpenCV/opencv-4.5.3/build_gcc_win86/CMakeFiles/CMakeTmp/src.cxx:1:0: warning: ignoring #pragma   [-Wunknown-pragmas]
 #pragma
 
cc1plus: warning: unrecognized command line option ‘-Wno-unnamed-type-template-args’
Linking CXX executable cmTC_9bf96
/usr/bin/cmake -E cmake_link_script CMakeFiles/cmTC_9bf96.dir/link.txt --verbose=1
/usr/bin/c++    -O3 -DNDEBUG    CMakeFiles/cmTC_9bf96.dir/src.cxx.o  -o cmTC_9bf96 
make[1]: Leaving directory '/mnt/d/ProgramFiles/intelFPGA/18.1/hld/board/terasic/de1_soc/tests/DE1_libonnx/OpenCV/opencv-4.5.3/build_gcc_win86/CMakeFiles/CMakeTmp'

===== END =====

Build output check failed:
    Regex: 'unrecognized .*option'
    Output line: 'cc1: warning: unrecognized command line option ‘-Wno-unnamed-type-template-args’'
Compilation failed:
    source file: '/mnt/d/ProgramFiles/intelFPGA/18.1/hld/board/terasic/de1_soc/tests/DE1_libonnx/OpenCV/opencv-4.5.3/build_gcc_win86/CMakeFiles/CMakeTmp/src.c'
    check option: ' -fsigned-char -W -Wall -Werror=return-type -Werror=address -Werror=sequence-point -Wformat -Werror=format-security -Wmissing-declarations -Wmissing-prototypes -Wstrict-prototypes -Wundef -Winit-self -Wpointer-arith -Wshadow -Wuninitialized  -Wno-unnamed-type-template-args'
===== BUILD LOG =====
Change Dir: /mnt/d/ProgramFiles/intelFPGA/18.1/hld/board/terasic/de1_soc/tests/DE1_libonnx/OpenCV/opencv-4.5.3/build_gcc_win86/CMakeFiles/CMakeTmp

Run Build Command:"/usr/bin/make" "cmTC_6f654/fast"
/usr/bin/make -f CMakeFiles/cmTC_6f654.dir/build.make CMakeFiles/cmTC_6f654.dir/build
make[1]: Entering directory '/mnt/d/ProgramFiles/intelFPGA/18.1/hld/board/terasic/de1_soc/tests/DE1_libonnx/OpenCV/opencv-4.5.3/build_gcc_win86/CMakeFiles/CMakeTmp'
Building C object CMakeFiles/cmTC_6f654.dir/src.c.o
/usr/bin/cc   -O3 -DNDEBUG -fPIE   -fsigned-char -W -Wall -Werror=return-type -Werror=address -Werror=sequence-point -Wformat -Werror=format-security -Wmissing-declarations -Wmissing-prototypes -Wstrict-prototypes -Wundef -Winit-self -Wpointer-arith -Wshadow -Wuninitialized -Wno-unnamed-type-template-args -o CMakeFiles/cmTC_6f654.dir/src.c.o   -c /mnt/d/ProgramFiles/intelFPGA/18.1/hld/board/terasic/de1_soc/tests/DE1_libonnx/OpenCV/opencv-4.5.3/build_gcc_win86/CMakeFiles/CMakeTmp/src.c
/mnt/d/ProgramFiles/intelFPGA/18.1/hld/board/terasic/de1_soc/tests/DE1_libonnx/OpenCV/opencv-4.5.3/build_gcc_win86/CMakeFiles/CMakeTmp/src.c:1:0: warning: ignoring #pragma   [-Wunknown-pragmas]
 #pragma
 
cc1: warning: unrecognized command line option ‘-Wno-unnamed-type-template-args’
Linking C executable cmTC_6f654
/usr/bin/cmake -E cmake_link_script CMakeFiles/cmTC_6f654.dir/link.txt --verbose=1
/usr/bin/cc   -O3 -DNDEBUG    CMakeFiles/cmTC_6f654.dir/src.c.o  -o cmTC_6f654 
make[1]: Leaving directory '/mnt/d/ProgramFiles/intelFPGA/18.1/hld/board/terasic/de1_soc/tests/DE1_libonnx/OpenCV/opencv-4.5.3/build_gcc_win86/CMakeFiles/CMakeTmp'

===== END =====

Build output check failed:
    Regex: 'command[- ]line option .* is valid for .* but not for C'
    Output line: 'cc1: warning: command line option ‘-fvisibility-inlines-hidden’ is valid for C++/ObjC++ but not for C'
Compilation failed:
    source file: '/mnt/d/ProgramFiles/intelFPGA/18.1/hld/board/terasic/de1_soc/tests/DE1_libonnx/OpenCV/opencv-4.5.3/build_gcc_win86/CMakeFiles/CMakeTmp/src.c'
    check option: ' -fsigned-char -W -Wall -Werror=return-type -Werror=address -Werror=sequence-point -Wformat -Werror=format-security -Wmissing-declarations -Wmissing-prototypes -Wstrict-prototypes -Wundef -Winit-self -Wpointer-arith -Wshadow -Wuninitialized -Wno-comment -Wimplicit-fallthrough=3 -Wno-strict-overflow -fdiagnostics-show-option -Wno-long-long -pthread -fomit-frame-pointer -ffunction-sections -fdata-sections  -msse -msse2 -msse3 -fvisibility=hidden  -fvisibility-inlines-hidden'
===== BUILD LOG =====
Change Dir: /mnt/d/ProgramFiles/intelFPGA/18.1/hld/board/terasic/de1_soc/tests/DE1_libonnx/OpenCV/opencv-4.5.3/build_gcc_win86/CMakeFiles/CMakeTmp

Run Build Command:"/usr/bin/make" "cmTC_81094/fast"
/usr/bin/make -f CMakeFiles/cmTC_81094.dir/build.make CMakeFiles/cmTC_81094.dir/build
make[1]: Entering directory '/mnt/d/ProgramFiles/intelFPGA/18.1/hld/board/terasic/de1_soc/tests/DE1_libonnx/OpenCV/opencv-4.5.3/build_gcc_win86/CMakeFiles/CMakeTmp'
Building C object CMakeFiles/cmTC_81094.dir/src.c.o
/usr/bin/cc   -O3 -DNDEBUG -fPIE   -fsigned-char -W -Wall -Werror=return-type -Werror=address -Werror=sequence-point -Wformat -Werror=format-security -Wmissing-declarations -Wmissing-prototypes -Wstrict-prototypes -Wundef -Winit-self -Wpointer-arith -Wshadow -Wuninitialized -Wno-comment -Wimplicit-fallthrough=3 -Wno-strict-overflow -fdiagnostics-show-option -Wno-long-long -pthread -fomit-frame-pointer -ffunction-sections -fdata-sections -msse -msse2 -msse3 -fvisibility=hidden -fvisibility-inlines-hidden -o CMakeFiles/cmTC_81094.dir/src.c.o   -c /mnt/d/ProgramFiles/intelFPGA/18.1/hld/board/terasic/de1_soc/tests/DE1_libonnx/OpenCV/opencv-4.5.3/build_gcc_win86/CMakeFiles/CMakeTmp/src.c
cc1: warning: command line option ‘-fvisibility-inlines-hidden’ is valid for C++/ObjC++ but not for C
/mnt/d/ProgramFiles/intelFPGA/18.1/hld/board/terasic/de1_soc/tests/DE1_libonnx/OpenCV/opencv-4.5.3/build_gcc_win86/CMakeFiles/CMakeTmp/src.c:1:0: warning: ignoring #pragma   [-Wunknown-pragmas]
 #pragma
 
Linking C executable cmTC_81094
/usr/bin/cmake -E cmake_link_script CMakeFiles/cmTC_81094.dir/link.txt --verbose=1
/usr/bin/cc   -O3 -DNDEBUG    CMakeFiles/cmTC_81094.dir/src.c.o  -o cmTC_81094 
make[1]: Leaving directory '/mnt/d/ProgramFiles/intelFPGA/18.1/hld/board/terasic/de1_soc/tests/DE1_libonnx/OpenCV/opencv-4.5.3/build_gcc_win86/CMakeFiles/CMakeTmp'

===== END =====

